<?xml version="1.0" encoding="UTF-8"?>
<coverage generated="1717384029435" clover="3.2.0">
  <project timestamp="1717384029435" name="All files">
    <metrics statements="67" coveredstatements="67" conditionals="8" coveredconditionals="8" methods="26" coveredmethods="26" elements="101" coveredelements="101" complexity="0" loc="67" ncloc="67" packages="3" files="6" classes="6"/>
    <package name="lib">
      <metrics statements="38" coveredstatements="38" conditionals="6" coveredconditionals="6" methods="15" coveredmethods="15"/>
      <file name="persistence.ts" path="/Users/stevenduong/unit-testing-typescript/modules/final/src/lib/persistence.ts">
        <metrics statements="8" coveredstatements="8" conditionals="2" coveredconditionals="2" methods="2" coveredmethods="2"/>
        <line num="5" count="4" type="stmt"/>
        <line num="6" count="4" type="stmt"/>
        <line num="9" count="56" type="stmt"/>
        <line num="10" count="56" type="stmt"/>
        <line num="11" count="56" type="stmt"/>
        <line num="15" count="23" type="stmt"/>
        <line num="16" count="23" type="stmt"/>
        <line num="17" count="23" type="cond" truecount="2" falsecount="0"/>
      </file>
      <file name="task-dispatcher.ts" path="/Users/stevenduong/unit-testing-typescript/modules/final/src/lib/task-dispatcher.ts">
        <metrics statements="7" coveredstatements="7" conditionals="2" coveredconditionals="2" methods="2" coveredmethods="2"/>
        <line num="19" count="18" type="stmt"/>
        <line num="24" count="12" type="stmt"/>
        <line num="30" count="12" type="stmt"/>
        <line num="31" count="12" type="cond" truecount="2" falsecount="0"/>
        <line num="32" count="10" type="stmt"/>
        <line num="34" count="2" type="stmt"/>
        <line num="38" count="10" type="stmt"/>
      </file>
      <file name="task-queue.ts" path="/Users/stevenduong/unit-testing-typescript/modules/final/src/lib/task-queue.ts">
        <metrics statements="11" coveredstatements="11" conditionals="0" coveredconditionals="0" methods="6" coveredmethods="6"/>
        <line num="16" count="26" type="stmt"/>
        <line num="17" count="26" type="stmt"/>
        <line num="29" count="22" type="stmt"/>
        <line num="30" count="22" type="stmt"/>
        <line num="33" count="22" type="stmt"/>
        <line num="37" count="23" type="stmt"/>
        <line num="41" count="22" type="stmt"/>
        <line num="42" count="22" type="stmt"/>
        <line num="46" count="70" type="stmt"/>
        <line num="50" count="19" type="stmt"/>
        <line num="53" count="19" type="stmt"/>
      </file>
      <file name="task-scheduler.ts" path="/Users/stevenduong/unit-testing-typescript/modules/final/src/lib/task-scheduler.ts">
        <metrics statements="12" coveredstatements="12" conditionals="2" coveredconditionals="2" methods="5" coveredmethods="5"/>
        <line num="15" count="15" type="stmt"/>
        <line num="16" count="15" type="stmt"/>
        <line num="17" count="15" type="stmt"/>
        <line num="18" count="15" type="stmt"/>
        <line num="22" count="6" type="stmt"/>
        <line num="23" count="17" type="stmt"/>
        <line num="32" count="2" type="stmt"/>
        <line num="41" count="17" type="stmt"/>
        <line num="42" count="17" type="cond" truecount="2" falsecount="0"/>
        <line num="43" count="7" type="stmt"/>
        <line num="44" count="7" type="stmt"/>
        <line num="47" count="10" type="stmt"/>
      </file>
    </package>
    <package name="lib.utils">
      <metrics statements="3" coveredstatements="3" conditionals="0" coveredconditionals="0" methods="1" coveredmethods="1"/>
      <file name="dispatched-functions.ts" path="/Users/stevenduong/unit-testing-typescript/modules/final/src/lib/utils/dispatched-functions.ts">
        <metrics statements="3" coveredstatements="3" conditionals="0" coveredconditionals="0" methods="1" coveredmethods="1"/>
        <line num="6" count="1" type="stmt"/>
        <line num="7" count="3" type="stmt"/>
        <line num="12" count="3" type="stmt"/>
      </file>
    </package>
    <package name="ui">
      <metrics statements="26" coveredstatements="26" conditionals="2" coveredconditionals="2" methods="10" coveredmethods="10"/>
      <file name="main-ui.ts" path="/Users/stevenduong/unit-testing-typescript/modules/final/src/ui/main-ui.ts">
        <metrics statements="26" coveredstatements="26" conditionals="2" coveredconditionals="2" methods="10" coveredmethods="10"/>
        <line num="14" count="1" type="stmt"/>
        <line num="17" count="11" type="stmt"/>
        <line num="36" count="12" type="stmt"/>
        <line num="37" count="12" type="stmt"/>
        <line num="40" count="12" type="stmt"/>
        <line num="41" count="12" type="stmt"/>
        <line num="43" count="12" type="stmt"/>
        <line num="44" count="5" type="stmt"/>
        <line num="46" count="5" type="cond" truecount="2" falsecount="0"/>
        <line num="47" count="2" type="stmt"/>
        <line num="49" count="3" type="stmt"/>
        <line num="51" count="3" type="stmt"/>
        <line num="54" count="5" type="stmt"/>
        <line num="55" count="5" type="stmt"/>
        <line num="60" count="12" type="stmt"/>
        <line num="67" count="12" type="stmt"/>
        <line num="68" count="12" type="stmt"/>
        <line num="76" count="12" type="stmt"/>
        <line num="77" count="72" type="stmt"/>
        <line num="81" count="4" type="stmt"/>
        <line num="85" count="1" type="stmt"/>
        <line num="90" count="5" type="stmt"/>
        <line num="91" count="5" type="stmt"/>
        <line num="96" count="1" type="stmt"/>
        <line num="103" count="1" type="stmt"/>
        <line num="107" count="1" type="stmt"/>
      </file>
    </package>
  </project>
</coverage>
