{"/Users/stevenduong/unit-testing-typescript/modules/final/src/lib/persistence.ts": {"path":"/Users/stevenduong/unit-testing-typescript/modules/final/src/lib/persistence.ts","statementMap":{"0":{"start":{"line":5,"column":12},"end":{"line":5,"column":null}},"1":{"start":{"line":6,"column":16},"end":{"line":19,"column":null}},"2":{"start":{"line":9,"column":26},"end":{"line":9,"column":null}},"3":{"start":{"line":10,"column":4},"end":{"line":10,"column":null}},"4":{"start":{"line":11,"column":4},"end":{"line":11,"column":null}},"5":{"start":{"line":15,"column":26},"end":{"line":15,"column":null}},"6":{"start":{"line":16,"column":4},"end":{"line":16,"column":null}},"7":{"start":{"line":17,"column":4},"end":{"line":17,"column":null}}},"fnMap":{"0":{"name":"(anonymous_0)","decl":{"start":{"line":8,"column":2},"end":{"line":8,"column":7}},"loc":{"start":{"line":8,"column":29},"end":{"line":12,"column":null}}},"1":{"name":"(anonymous_1)","decl":{"start":{"line":14,"column":2},"end":{"line":14,"column":18}},"loc":{"start":{"line":14,"column":18},"end":{"line":18,"column":null}}}},"branchMap":{"0":{"loc":{"start":{"line":17,"column":11},"end":{"line":17,"column":null}},"type":"cond-expr","locations":[{"start":{"line":17,"column":27},"end":{"line":17,"column":55}},{"start":{"line":17,"column":55},"end":{"line":17,"column":null}}]}},"s":{"0":4,"1":4,"2":56,"3":56,"4":56,"5":23,"6":23,"7":23},"f":{"0":56,"1":23},"b":{"0":[14,9]}}
,"/Users/stevenduong/unit-testing-typescript/modules/final/src/lib/task-dispatcher.ts": {"path":"/Users/stevenduong/unit-testing-typescript/modules/final/src/lib/task-dispatcher.ts","statementMap":{"0":{"start":{"line":19,"column":4},"end":{"line":19,"column":null}},"1":{"start":{"line":24,"column":40},"end":{"line":27,"column":null}},"2":{"start":{"line":30,"column":17},"end":{"line":30,"column":null}},"3":{"start":{"line":31,"column":4},"end":{"line":35,"column":null}},"4":{"start":{"line":32,"column":6},"end":{"line":32,"column":null}},"5":{"start":{"line":34,"column":6},"end":{"line":34,"column":null}},"6":{"start":{"line":38,"column":4},"end":{"line":38,"column":null}}},"fnMap":{"0":{"name":"(anonymous_0)","decl":{"start":{"line":18,"column":2},"end":{"line":18,"column":14}},"loc":{"start":{"line":18,"column":52},"end":{"line":21,"column":null}}},"1":{"name":"(anonymous_1)","decl":{"start":{"line":23,"column":2},"end":{"line":23,"column":11}},"loc":{"start":{"line":23,"column":59},"end":{"line":39,"column":null}}}},"branchMap":{"0":{"loc":{"start":{"line":31,"column":4},"end":{"line":35,"column":null}},"type":"if","locations":[{"start":{"line":31,"column":4},"end":{"line":35,"column":null}},{"start":{"line":33,"column":11},"end":{"line":35,"column":null}}]}},"s":{"0":18,"1":12,"2":12,"3":12,"4":10,"5":2,"6":10},"f":{"0":18,"1":12},"b":{"0":[10,2]}}
,"/Users/stevenduong/unit-testing-typescript/modules/final/src/lib/task-queue.ts": {"path":"/Users/stevenduong/unit-testing-typescript/modules/final/src/lib/task-queue.ts","statementMap":{"0":{"start":{"line":16,"column":4},"end":{"line":16,"column":null}},"1":{"start":{"line":17,"column":4},"end":{"line":17,"column":null}},"2":{"start":{"line":29,"column":22},"end":{"line":29,"column":null}},"3":{"start":{"line":30,"column":4},"end":{"line":30,"column":null}},"4":{"start":{"line":33,"column":4},"end":{"line":33,"column":null}},"5":{"start":{"line":37,"column":4},"end":{"line":37,"column":null}},"6":{"start":{"line":41,"column":4},"end":{"line":41,"column":null}},"7":{"start":{"line":42,"column":4},"end":{"line":42,"column":null}},"8":{"start":{"line":46,"column":4},"end":{"line":46,"column":null}},"9":{"start":{"line":50,"column":4},"end":{"line":50,"column":null}},"10":{"start":{"line":53,"column":27},"end":{"line":53,"column":null}}},"fnMap":{"0":{"name":"(anonymous_0)","decl":{"start":{"line":14,"column":2},"end":{"line":14,"column":10}},"loc":{"start":{"line":14,"column":29},"end":{"line":18,"column":null}}},"1":{"name":"(anonymous_1)","decl":{"start":{"line":28,"column":2},"end":{"line":28,"column":31}},"loc":{"start":{"line":28,"column":31},"end":{"line":34,"column":null}}},"2":{"name":"(anonymous_2)","decl":{"start":{"line":36,"column":2},"end":{"line":36,"column":19}},"loc":{"start":{"line":36,"column":19},"end":{"line":38,"column":null}}},"3":{"name":"(anonymous_3)","decl":{"start":{"line":40,"column":2},"end":{"line":40,"column":16}},"loc":{"start":{"line":40,"column":16},"end":{"line":43,"column":null}}},"4":{"name":"(anonymous_4)","decl":{"start":{"line":45,"column":10},"end":{"line":45,"column":23}},"loc":{"start":{"line":45,"column":23},"end":{"line":47,"column":null}}},"5":{"name":"(anonymous_5)","decl":{"start":{"line":49,"column":10},"end":{"line":49,"column":26}},"loc":{"start":{"line":49,"column":26},"end":{"line":51,"column":null}}}},"branchMap":{},"s":{"0":26,"1":26,"2":22,"3":22,"4":22,"5":23,"6":22,"7":22,"8":70,"9":19,"10":19},"f":{"0":26,"1":22,"2":23,"3":22,"4":70,"5":19},"b":{}}
,"/Users/stevenduong/unit-testing-typescript/modules/final/src/lib/task-scheduler.ts": {"path":"/Users/stevenduong/unit-testing-typescript/modules/final/src/lib/task-scheduler.ts","statementMap":{"0":{"start":{"line":15,"column":12},"end":{"line":15,"column":null}},"1":{"start":{"line":16,"column":12},"end":{"line":16,"column":null}},"2":{"start":{"line":17,"column":12},"end":{"line":17,"column":null}},"3":{"start":{"line":18,"column":12},"end":{"line":18,"column":null}},"4":{"start":{"line":22,"column":4},"end":{"line":28,"column":null}},"5":{"start":{"line":23,"column":6},"end":{"line":27,"column":null}},"6":{"start":{"line":32,"column":4},"end":{"line":32,"column":null}},"7":{"start":{"line":41,"column":17},"end":{"line":41,"column":null}},"8":{"start":{"line":42,"column":4},"end":{"line":48,"column":null}},"9":{"start":{"line":43,"column":18},"end":{"line":43,"column":null}},"10":{"start":{"line":44,"column":6},"end":{"line":44,"column":null}},"11":{"start":{"line":47,"column":6},"end":{"line":47,"column":null}}},"fnMap":{"0":{"name":"(anonymous_0)","decl":{"start":{"line":14,"column":2},"end":{"line":14,"column":null}},"loc":{"start":{"line":19,"column":4},"end":{"line":19,"column":null}}},"1":{"name":"(anonymous_1)","decl":{"start":{"line":21,"column":2},"end":{"line":21,"column":16}},"loc":{"start":{"line":21,"column":16},"end":{"line":29,"column":null}}},"2":{"name":"(anonymous_2)","decl":{"start":{"line":22,"column":38},"end":{"line":22,"column":44}},"loc":{"start":{"line":22,"column":44},"end":{"line":28,"column":7}}},"3":{"name":"(anonymous_3)","decl":{"start":{"line":31,"column":2},"end":{"line":31,"column":15}},"loc":{"start":{"line":31,"column":15},"end":{"line":33,"column":null}}},"4":{"name":"(anonymous_4)","decl":{"start":{"line":36,"column":2},"end":{"line":36,"column":17}},"loc":{"start":{"line":40,"column":4},"end":{"line":49,"column":null}}}},"branchMap":{"0":{"loc":{"start":{"line":42,"column":4},"end":{"line":48,"column":null}},"type":"if","locations":[{"start":{"line":42,"column":4},"end":{"line":48,"column":null}},{"start":{"line":46,"column":11},"end":{"line":48,"column":null}}]}},"s":{"0":15,"1":15,"2":15,"3":15,"4":6,"5":17,"6":2,"7":17,"8":17,"9":7,"10":7,"11":10},"f":{"0":15,"1":6,"2":17,"3":2,"4":17},"b":{"0":[7,10]}}
,"/Users/stevenduong/unit-testing-typescript/modules/final/src/lib/utils/dispatched-functions.ts": {"path":"/Users/stevenduong/unit-testing-typescript/modules/final/src/lib/utils/dispatched-functions.ts","statementMap":{"0":{"start":{"line":6,"column":39},"end":{"line":13,"column":null}},"1":{"start":{"line":7,"column":40},"end":{"line":10,"column":null}},"2":{"start":{"line":12,"column":2},"end":{"line":12,"column":null}}},"fnMap":{"0":{"name":"(anonymous_0)","decl":{"start":{"line":6,"column":39},"end":{"line":6,"column":40}},"loc":{"start":{"line":6,"column":76},"end":{"line":13,"column":null}}}},"branchMap":{},"s":{"0":1,"1":3,"2":3},"f":{"0":3},"b":{}}
,"/Users/stevenduong/unit-testing-typescript/modules/final/src/ui/main-ui.ts": {"path":"/Users/stevenduong/unit-testing-typescript/modules/final/src/ui/main-ui.ts","statementMap":{"0":{"start":{"line":14,"column":38},"end":{"line":14,"column":null}},"1":{"start":{"line":17,"column":2},"end":{"line":27,"column":null}},"2":{"start":{"line":36,"column":14},"end":{"line":36,"column":null}},"3":{"start":{"line":37,"column":2},"end":{"line":37,"column":null}},"4":{"start":{"line":40,"column":20},"end":{"line":40,"column":null}},"5":{"start":{"line":41,"column":26},"end":{"line":41,"column":null}},"6":{"start":{"line":43,"column":27},"end":{"line":58,"column":null}},"7":{"start":{"line":44,"column":23},"end":{"line":44,"column":null}},"8":{"start":{"line":46,"column":4},"end":{"line":52,"column":null}},"9":{"start":{"line":47,"column":6},"end":{"line":47,"column":null}},"10":{"start":{"line":49,"column":34},"end":{"line":49,"column":null}},"11":{"start":{"line":51,"column":6},"end":{"line":51,"column":null}},"12":{"start":{"line":54,"column":24},"end":{"line":54,"column":null}},"13":{"start":{"line":55,"column":4},"end":{"line":57,"column":null}},"14":{"start":{"line":60,"column":25},"end":{"line":65,"column":null}},"15":{"start":{"line":67,"column":22},"end":{"line":67,"column":null}},"16":{"start":{"line":68,"column":19},"end":{"line":75,"column":null}},"17":{"start":{"line":76,"column":2},"end":{"line":78,"column":null}},"18":{"start":{"line":77,"column":4},"end":{"line":77,"column":null}},"19":{"start":{"line":81,"column":4},"end":{"line":81,"column":null}},"20":{"start":{"line":85,"column":4},"end":{"line":85,"column":null}},"21":{"start":{"line":90,"column":20},"end":{"line":90,"column":null}},"22":{"start":{"line":91,"column":4},"end":{"line":91,"column":null}},"23":{"start":{"line":96,"column":4},"end":{"line":99,"column":null}},"24":{"start":{"line":103,"column":4},"end":{"line":103,"column":null}},"25":{"start":{"line":107,"column":4},"end":{"line":110,"column":null}}},"fnMap":{"0":{"name":"createDom","decl":{"start":{"line":16,"column":16},"end":{"line":16,"column":28}},"loc":{"start":{"line":16,"column":28},"end":{"line":32,"column":null}}},"1":{"name":"registerHandlers","decl":{"start":{"line":34,"column":16},"end":{"line":34,"column":35}},"loc":{"start":{"line":34,"column":35},"end":{"line":112,"column":null}}},"2":{"name":"(anonymous_2)","decl":{"start":{"line":43,"column":27},"end":{"line":43,"column":28}},"loc":{"start":{"line":43,"column":62},"end":{"line":58,"column":null}}},"3":{"name":"(anonymous_3)","decl":{"start":{"line":76,"column":19},"end":{"line":76,"column":20}},"loc":{"start":{"line":76,"column":44},"end":{"line":78,"column":3}}},"4":{"name":"start","decl":{"start":{"line":80,"column":11},"end":{"line":80,"column":25}},"loc":{"start":{"line":80,"column":25},"end":{"line":82,"column":null}}},"5":{"name":"stop","decl":{"start":{"line":84,"column":11},"end":{"line":84,"column":24}},"loc":{"start":{"line":84,"column":24},"end":{"line":86,"column":null}}},"6":{"name":"enqueueAdd","decl":{"start":{"line":88,"column":11},"end":{"line":88,"column":30}},"loc":{"start":{"line":88,"column":30},"end":{"line":92,"column":null}}},"7":{"name":"enqueueGetPosts","decl":{"start":{"line":94,"column":11},"end":{"line":94,"column":35}},"loc":{"start":{"line":94,"column":35},"end":{"line":100,"column":null}}},"8":{"name":"queueLengthClickHandle","decl":{"start":{"line":102,"column":11},"end":{"line":102,"column":42}},"loc":{"start":{"line":102,"column":42},"end":{"line":104,"column":null}}},"9":{"name":"isSchedulerStarted","decl":{"start":{"line":106,"column":11},"end":{"line":106,"column":38}},"loc":{"start":{"line":106,"column":38},"end":{"line":111,"column":null}}}},"branchMap":{"0":{"loc":{"start":{"line":46,"column":4},"end":{"line":52,"column":null}},"type":"if","locations":[{"start":{"line":46,"column":4},"end":{"line":52,"column":null}},{"start":{"line":48,"column":11},"end":{"line":52,"column":null}}]}},"s":{"0":1,"1":11,"2":12,"3":12,"4":12,"5":12,"6":12,"7":5,"8":5,"9":2,"10":3,"11":3,"12":5,"13":5,"14":12,"15":12,"16":12,"17":12,"18":72,"19":4,"20":1,"21":5,"22":5,"23":1,"24":1,"25":1},"f":{"0":11,"1":12,"2":5,"3":72,"4":4,"5":1,"6":5,"7":1,"8":1,"9":1},"b":{"0":[2,3]}}
}
